Copyright 1986-2022 Xilinx, Inc. All Rights Reserved. Copyright 2022-2023 Advanced Micro Devices, Inc. All Rights Reserved.
-------------------------------------------------------------------------------------------------------------------------------------------------
| Tool Version     : Vivado v.2023.2.1 (win64) Build 4081461 Thu Dec 14 12:24:51 MST 2023
| Date             : Wed Feb  7 16:00:26 2024
| Host             : DESKTOP-RR47J6M running 64-bit major release  (build 9200)
| Command          : report_power -file AES_Core_power_routed.rpt -pb AES_Core_power_summary_routed.pb -rpx AES_Core_power_routed.rpx
| Design           : AES_Core
| Device           : xc7a35ticpg236-1L
| Design State     : routed
| Grade            : industrial
| Process          : typical
| Characterization : Production
-------------------------------------------------------------------------------------------------------------------------------------------------

Power Report

Table of Contents
-----------------
1. Summary
1.1 On-Chip Components
1.2 Power Supply Summary
1.3 Confidence Level
2. Settings
2.1 Environment
2.2 Clock Constraints
3. Detailed Reports
3.1 By Hierarchy

1. Summary
----------

+--------------------------+--------------+
| Total On-Chip Power (W)  | 80.152       |
| Design Power Budget (W)  | Unspecified* |
| Power Budget Margin (W)  | NA           |
| Dynamic (W)              | 79.824       |
| Device Static (W)        | 0.329        |
| Effective TJA (C/W)      | 5.0          |
| Max Ambient (C)          | 0.0          |
| Junction Temperature (C) | 125.0        |
| Confidence Level         | Low          |
| Setting File             | ---          |
| Simulation Activity File | ---          |
| Design Nets Matched      | NA           |
+--------------------------+--------------+
* Specify Design Power Budget using, set_operating_conditions -design_power_budget <value in Watts>


1.1 On-Chip Components
----------------------

+-------------------------+-----------+----------+-----------+-----------------+
| On-Chip                 | Power (W) | Used     | Available | Utilization (%) |
+-------------------------+-----------+----------+-----------+-----------------+
| Slice Logic             |    40.993 |     3711 |       --- |             --- |
|   LUT as Logic          |    40.634 |     1536 |     20800 |            7.38 |
|   Register              |     0.256 |     1041 |     41600 |            2.50 |
|   F7/F8 Muxes           |     0.085 |       46 |     32600 |            0.14 |
|   BUFG                  |     0.016 |        3 |        32 |            9.38 |
|   LUT as Shift Register |     0.002 |        1 |      9600 |            0.01 |
|   Others                |     0.000 |      773 |       --- |             --- |
| Signals                 |    36.557 |     2467 |       --- |             --- |
| I/O                     |     2.274 |       11 |       106 |           10.38 |
| Static Power            |     0.329 |          |           |                 |
| Total                   |    80.152 |          |           |                 |
+-------------------------+-----------+----------+-----------+-----------------+


1.2 Power Supply Summary
------------------------

+-----------+-------------+-----------+-------------+------------+-------------+-------------+------------+
| Source    | Voltage (V) | Total (A) | Dynamic (A) | Static (A) | Powerup (A) | Budget (A)  | Margin (A) |
+-----------+-------------+-----------+-------------+------------+-------------+-------------+------------+
| Vccint    |       0.950 |    81.871 |      81.660 |      0.211 |       NA    | Unspecified | NA         |
| Vccaux    |       1.800 |     0.130 |       0.082 |      0.048 |       NA    | Unspecified | NA         |
| Vcco33    |       3.300 |     0.637 |       0.636 |      0.001 |       NA    | Unspecified | NA         |
| Vcco25    |       2.500 |     0.000 |       0.000 |      0.000 |       NA    | Unspecified | NA         |
| Vcco18    |       1.800 |     0.000 |       0.000 |      0.000 |       NA    | Unspecified | NA         |
| Vcco15    |       1.500 |     0.000 |       0.000 |      0.000 |       NA    | Unspecified | NA         |
| Vcco135   |       1.350 |     0.000 |       0.000 |      0.000 |       NA    | Unspecified | NA         |
| Vcco12    |       1.200 |     0.000 |       0.000 |      0.000 |       NA    | Unspecified | NA         |
| Vccaux_io |       1.800 |     0.000 |       0.000 |      0.000 |       NA    | Unspecified | NA         |
| Vccbram   |       0.950 |     0.006 |       0.000 |      0.006 |       NA    | Unspecified | NA         |
| MGTAVcc   |       1.000 |     0.000 |       0.000 |      0.000 |       NA    | Unspecified | NA         |
| MGTAVtt   |       1.200 |     0.000 |       0.000 |      0.000 |       NA    | Unspecified | NA         |
| Vccadc    |       1.800 |     0.018 |       0.000 |      0.018 |       NA    | Unspecified | NA         |
+-----------+-------------+-----------+-------------+------------+-------------+-------------+------------+


1.3 Confidence Level
--------------------

+-----------------------------+------------+--------------------------------------------------------+--------------------------------------------------------------------------------------------------------------------+
| User Input Data             | Confidence | Details                                                | Action                                                                                                             |
+-----------------------------+------------+--------------------------------------------------------+--------------------------------------------------------------------------------------------------------------------+
| Design implementation state | High       | Design is routed                                       |                                                                                                                    |
| Clock nodes activity        | Low        | User specified less than 75% of clocks                 | Provide missing clock activity with a constraint file, simulation results or by editing the "By Clock Domain" view |
| I/O nodes activity          | Low        | More than 75% of inputs are missing user specification | Provide missing input activity with simulation results or by editing the "By Resource Type -> I/Os" view           |
| Internal nodes activity     | Medium     | User specified less than 25% of internal nodes         | Provide missing internal nodes activity with simulation results or by editing the "By Resource Type" views         |
| Device models               | High       | Device models are Production                           |                                                                                                                    |
|                             |            |                                                        |                                                                                                                    |
| Overall confidence level    | Low        |                                                        |                                                                                                                    |
+-----------------------------+------------+--------------------------------------------------------+--------------------------------------------------------------------------------------------------------------------+


2. Settings
-----------

2.1 Environment
---------------

+-----------------------+--------------------------+
| Ambient Temp (C)      | 25.0                     |
| ThetaJA (C/W)         | 5.0                      |
| Airflow (LFM)         | 250                      |
| Heat Sink             | medium (Medium Profile)  |
| ThetaSA (C/W)         | 4.6                      |
| Board Selection       | medium (10"x10")         |
| # of Board Layers     | 12to15 (12 to 15 Layers) |
| Board Temperature (C) | 25.0                     |
+-----------------------+--------------------------+


2.2 Clock Constraints
---------------------

+-------+--------+-----------------+
| Clock | Domain | Constraint (ns) |
+-------+--------+-----------------+


3. Detailed Reports
-------------------

3.1 By Hierarchy
----------------

+------------------+-----------+
| Name             | Power (W) |
+------------------+-----------+
| AES_Core         |    79.824 |
|   AES_Comp       |    75.586 |
|     AES_Comp_ENC |    75.586 |
|       EC         |    15.231 |
|   scan           |     1.784 |
|     scan_ins_1   |     0.002 |
|     scan_ins_10  |     0.005 |
|     scan_ins_100 |     0.004 |
|     scan_ins_101 |     0.003 |
|     scan_ins_102 |     0.003 |
|     scan_ins_103 |     0.004 |
|     scan_ins_104 |     0.003 |
|     scan_ins_105 |     0.003 |
|     scan_ins_106 |     0.004 |
|     scan_ins_107 |     0.004 |
|     scan_ins_108 |     0.003 |
|     scan_ins_109 |     0.003 |
|     scan_ins_11  |     0.004 |
|     scan_ins_110 |     0.004 |
|     scan_ins_111 |     0.003 |
|     scan_ins_112 |     0.004 |
|     scan_ins_113 |     0.003 |
|     scan_ins_114 |     0.003 |
|     scan_ins_115 |     0.004 |
|     scan_ins_116 |     0.003 |
|     scan_ins_117 |     0.003 |
|     scan_ins_118 |     0.004 |
|     scan_ins_119 |     0.005 |
|     scan_ins_12  |     0.004 |
|     scan_ins_120 |     0.004 |
|     scan_ins_121 |     0.003 |
|     scan_ins_122 |     0.003 |
|     scan_ins_123 |     0.004 |
|     scan_ins_124 |     0.004 |
|     scan_ins_125 |     0.004 |
|     scan_ins_126 |     0.003 |
|     scan_ins_127 |     0.004 |
|     scan_ins_128 |     0.004 |
|     scan_ins_129 |     0.004 |
|     scan_ins_13  |     0.003 |
|     scan_ins_130 |     0.004 |
|     scan_ins_131 |     0.004 |
|     scan_ins_132 |     0.004 |
|     scan_ins_133 |     0.004 |
|     scan_ins_134 |     0.003 |
|     scan_ins_135 |     0.003 |
|     scan_ins_136 |     0.003 |
|     scan_ins_137 |     0.004 |
|     scan_ins_138 |     0.005 |
|     scan_ins_139 |     0.005 |
|     scan_ins_14  |     0.003 |
|     scan_ins_140 |     0.005 |
|     scan_ins_141 |     0.004 |
|     scan_ins_142 |     0.004 |
|     scan_ins_143 |     0.005 |
|     scan_ins_144 |     0.005 |
|     scan_ins_145 |     0.006 |
|     scan_ins_146 |     0.004 |
|     scan_ins_147 |     0.004 |
|     scan_ins_148 |     0.005 |
|     scan_ins_149 |     0.004 |
|     scan_ins_15  |     0.004 |
|     scan_ins_150 |     0.005 |
|     scan_ins_151 |     0.004 |
|     scan_ins_152 |     0.005 |
|     scan_ins_153 |     0.004 |
|     scan_ins_154 |     0.005 |
|     scan_ins_155 |     0.005 |
|     scan_ins_156 |     0.005 |
|     scan_ins_157 |     0.004 |
|     scan_ins_158 |     0.006 |
|     scan_ins_159 |     0.005 |
|     scan_ins_16  |     0.004 |
|     scan_ins_160 |     0.005 |
|     scan_ins_161 |     0.005 |
|     scan_ins_162 |     0.004 |
|     scan_ins_163 |     0.004 |
|     scan_ins_164 |     0.006 |
|     scan_ins_165 |     0.004 |
|     scan_ins_166 |     0.005 |
|     scan_ins_167 |     0.006 |
|     scan_ins_168 |     0.004 |
|     scan_ins_169 |     0.005 |
|     scan_ins_17  |     0.003 |
|     scan_ins_170 |     0.005 |
|     scan_ins_171 |     0.006 |
|     scan_ins_172 |     0.006 |
|     scan_ins_173 |     0.005 |
|     scan_ins_174 |     0.004 |
|     scan_ins_175 |     0.005 |
|     scan_ins_176 |     0.005 |
|     scan_ins_177 |     0.005 |
|     scan_ins_178 |     0.005 |
|     scan_ins_179 |     0.004 |
|     scan_ins_18  |     0.004 |
|     scan_ins_180 |     0.005 |
|     scan_ins_181 |     0.004 |
|     scan_ins_182 |     0.006 |
|     scan_ins_183 |     0.005 |
|     scan_ins_184 |     0.004 |
|     scan_ins_185 |     0.004 |
|     scan_ins_186 |     0.004 |
|     scan_ins_187 |     0.004 |
|     scan_ins_188 |     0.004 |
|     scan_ins_189 |     0.005 |
|     scan_ins_19  |     0.004 |
|     scan_ins_190 |     0.005 |
|     scan_ins_191 |     0.005 |
|     scan_ins_192 |     0.004 |
|     scan_ins_193 |     0.004 |
|     scan_ins_194 |     0.004 |
|     scan_ins_195 |     0.004 |
|     scan_ins_196 |     0.004 |
|     scan_ins_197 |     0.004 |
|     scan_ins_198 |     0.006 |
|     scan_ins_199 |     0.005 |
|     scan_ins_20  |     0.004 |
|     scan_ins_200 |     0.004 |
|     scan_ins_201 |     0.005 |
|     scan_ins_202 |     0.006 |
|     scan_ins_203 |     0.006 |
|     scan_ins_204 |     0.006 |
|     scan_ins_205 |     0.004 |
|     scan_ins_206 |     0.006 |
|     scan_ins_207 |     0.004 |
|     scan_ins_208 |     0.004 |
|     scan_ins_209 |     0.005 |
|     scan_ins_21  |     0.003 |
|     scan_ins_210 |     0.004 |
|     scan_ins_211 |     0.005 |
|     scan_ins_212 |     0.005 |
|     scan_ins_213 |     0.005 |
|     scan_ins_214 |     0.005 |
|     scan_ins_215 |     0.005 |
|     scan_ins_216 |     0.005 |
|     scan_ins_217 |     0.004 |
|     scan_ins_218 |     0.004 |
|     scan_ins_219 |     0.005 |
|     scan_ins_22  |     0.003 |
|     scan_ins_220 |     0.005 |
|     scan_ins_221 |     0.004 |
|     scan_ins_222 |     0.005 |
|     scan_ins_223 |     0.005 |
|     scan_ins_224 |     0.004 |
|     scan_ins_225 |     0.005 |
|     scan_ins_226 |     0.005 |
|     scan_ins_227 |     0.004 |
|     scan_ins_228 |     0.005 |
|     scan_ins_229 |     0.005 |
|     scan_ins_23  |     0.003 |
|     scan_ins_230 |     0.004 |
|     scan_ins_231 |     0.005 |
|     scan_ins_232 |     0.004 |
|     scan_ins_233 |     0.005 |
|     scan_ins_234 |     0.004 |
|     scan_ins_235 |     0.005 |
|     scan_ins_236 |     0.006 |
|     scan_ins_237 |     0.005 |
|     scan_ins_238 |     0.004 |
|     scan_ins_239 |     0.005 |
|     scan_ins_24  |     0.004 |
|     scan_ins_240 |     0.005 |
|     scan_ins_241 |     0.005 |
|     scan_ins_242 |     0.005 |
|     scan_ins_243 |     0.005 |
|     scan_ins_244 |     0.005 |
|     scan_ins_245 |     0.005 |
|     scan_ins_246 |     0.005 |
|     scan_ins_247 |     0.005 |
|     scan_ins_248 |     0.005 |
|     scan_ins_249 |     0.005 |
|     scan_ins_25  |     0.004 |
|     scan_ins_250 |     0.006 |
|     scan_ins_251 |     0.005 |
|     scan_ins_252 |     0.006 |
|     scan_ins_253 |     0.005 |
|     scan_ins_254 |     0.005 |
|     scan_ins_255 |     0.004 |
|     scan_ins_256 |     0.005 |
|     scan_ins_257 |     0.004 |
|     scan_ins_258 |     0.005 |
|     scan_ins_259 |     0.006 |
|     scan_ins_26  |     0.003 |
|     scan_ins_260 |     0.005 |
|     scan_ins_261 |     0.004 |
|     scan_ins_262 |     0.004 |
|     scan_ins_263 |     0.006 |
|     scan_ins_264 |     0.007 |
|     scan_ins_265 |     0.003 |
|     scan_ins_266 |     0.002 |
|     scan_ins_267 |     0.004 |
|     scan_ins_268 |     0.002 |
|     scan_ins_269 |     0.003 |
|     scan_ins_27  |     0.004 |
|     scan_ins_270 |     0.003 |
|     scan_ins_271 |     0.003 |
|     scan_ins_272 |     0.004 |
|     scan_ins_273 |     0.003 |
|     scan_ins_274 |     0.003 |
|     scan_ins_275 |     0.003 |
|     scan_ins_276 |     0.003 |
|     scan_ins_277 |     0.004 |
|     scan_ins_278 |     0.003 |
|     scan_ins_279 |     0.003 |
|     scan_ins_28  |     0.003 |
|     scan_ins_280 |     0.003 |
|     scan_ins_281 |     0.003 |
|     scan_ins_282 |     0.005 |
|     scan_ins_283 |     0.003 |
|     scan_ins_284 |     0.004 |
|     scan_ins_285 |     0.003 |
|     scan_ins_286 |     0.004 |
|     scan_ins_287 |     0.003 |
|     scan_ins_288 |     0.005 |
|     scan_ins_289 |     0.004 |
|     scan_ins_29  |     0.003 |
|     scan_ins_290 |     0.003 |
|     scan_ins_291 |     0.003 |
|     scan_ins_292 |     0.004 |
|     scan_ins_293 |     0.005 |
|     scan_ins_294 |     0.003 |
|     scan_ins_295 |     0.004 |
|     scan_ins_296 |     0.006 |
|     scan_ins_297 |     0.003 |
|     scan_ins_298 |     0.005 |
|     scan_ins_299 |     0.004 |
|     scan_ins_30  |     0.004 |
|     scan_ins_300 |     0.005 |
|     scan_ins_301 |     0.004 |
|     scan_ins_302 |     0.005 |
|     scan_ins_303 |     0.005 |
|     scan_ins_304 |     0.007 |
|     scan_ins_305 |     0.003 |
|     scan_ins_306 |     0.005 |
|     scan_ins_307 |     0.004 |
|     scan_ins_308 |     0.003 |
|     scan_ins_309 |     0.005 |
|     scan_ins_31  |     0.004 |
|     scan_ins_310 |     0.005 |
|     scan_ins_311 |     0.007 |
|     scan_ins_312 |     0.005 |
|     scan_ins_313 |     0.004 |
|     scan_ins_314 |     0.005 |
|     scan_ins_315 |     0.005 |
|     scan_ins_316 |     0.005 |
|     scan_ins_317 |     0.004 |
|     scan_ins_318 |     0.005 |
|     scan_ins_319 |     0.005 |
|     scan_ins_32  |     0.003 |
|     scan_ins_320 |     0.009 |
|     scan_ins_321 |     0.004 |
|     scan_ins_322 |     0.006 |
|     scan_ins_323 |     0.004 |
|     scan_ins_324 |     0.004 |
|     scan_ins_325 |     0.006 |
|     scan_ins_326 |     0.005 |
|     scan_ins_327 |     0.006 |
|     scan_ins_328 |     0.008 |
|     scan_ins_329 |     0.004 |
|     scan_ins_33  |     0.004 |
|     scan_ins_330 |     0.005 |
|     scan_ins_331 |     0.006 |
|     scan_ins_332 |     0.004 |
|     scan_ins_333 |     0.005 |
|     scan_ins_334 |     0.008 |
|     scan_ins_335 |     0.004 |
|     scan_ins_336 |     0.007 |
|     scan_ins_337 |     0.004 |
|     scan_ins_338 |     0.005 |
|     scan_ins_339 |     0.005 |
|     scan_ins_34  |     0.004 |
|     scan_ins_340 |     0.005 |
|     scan_ins_341 |     0.006 |
|     scan_ins_342 |     0.004 |
|     scan_ins_343 |     0.006 |
|     scan_ins_344 |     0.009 |
|     scan_ins_345 |     0.007 |
|     scan_ins_346 |     0.006 |
|     scan_ins_347 |     0.006 |
|     scan_ins_348 |     0.007 |
|     scan_ins_349 |     0.005 |
|     scan_ins_35  |     0.004 |
|     scan_ins_350 |     0.005 |
|     scan_ins_351 |     0.006 |
|     scan_ins_352 |     0.009 |
|     scan_ins_353 |     0.007 |
|     scan_ins_354 |     0.006 |
|     scan_ins_355 |     0.007 |
|     scan_ins_356 |     0.006 |
|     scan_ins_357 |     0.004 |
|     scan_ins_358 |     0.005 |
|     scan_ins_359 |     0.006 |
|     scan_ins_36  |     0.003 |
|     scan_ins_360 |     0.006 |
|     scan_ins_361 |     0.004 |
|     scan_ins_362 |     0.006 |
|     scan_ins_363 |     0.008 |
|     scan_ins_364 |     0.006 |
|     scan_ins_365 |     0.006 |
|     scan_ins_366 |     0.007 |
|     scan_ins_367 |     0.006 |
|     scan_ins_368 |     0.006 |
|     scan_ins_369 |     0.009 |
|     scan_ins_37  |     0.004 |
|     scan_ins_370 |     0.007 |
|     scan_ins_371 |     0.005 |
|     scan_ins_372 |     0.006 |
|     scan_ins_373 |     0.005 |
|     scan_ins_374 |     0.006 |
|     scan_ins_375 |     0.006 |
|     scan_ins_376 |     0.007 |
|     scan_ins_377 |     0.007 |
|     scan_ins_378 |     0.006 |
|     scan_ins_379 |     0.006 |
|     scan_ins_38  |     0.004 |
|     scan_ins_380 |     0.005 |
|     scan_ins_381 |     0.006 |
|     scan_ins_382 |     0.005 |
|     scan_ins_383 |     0.007 |
|     scan_ins_384 |     0.008 |
|     scan_ins_385 |     0.006 |
|     scan_ins_386 |     0.008 |
|     scan_ins_387 |     0.005 |
|     scan_ins_388 |     0.006 |
|     scan_ins_389 |     0.006 |
|     scan_ins_39  |     0.003 |
|     scan_ins_390 |     0.008 |
|     scan_ins_391 |     0.006 |
|     scan_ins_392 |     0.039 |
|     scan_ins_40  |     0.003 |
|     scan_ins_41  |     0.005 |
|     scan_ins_42  |     0.004 |
|     scan_ins_43  |     0.004 |
|     scan_ins_44  |     0.003 |
|     scan_ins_45  |     0.004 |
|     scan_ins_46  |     0.003 |
|     scan_ins_47  |     0.003 |
|     scan_ins_48  |     0.005 |
|     scan_ins_49  |     0.005 |
|     scan_ins_50  |     0.004 |
|     scan_ins_51  |     0.004 |
|     scan_ins_52  |     0.003 |
|     scan_ins_53  |     0.004 |
|     scan_ins_54  |     0.004 |
|     scan_ins_55  |     0.004 |
|     scan_ins_56  |     0.004 |
|     scan_ins_57  |     0.004 |
|     scan_ins_58  |     0.003 |
|     scan_ins_59  |     0.004 |
|     scan_ins_60  |     0.003 |
|     scan_ins_61  |     0.004 |
|     scan_ins_62  |     0.003 |
|     scan_ins_63  |     0.004 |
|     scan_ins_64  |     0.004 |
|     scan_ins_65  |     0.005 |
|     scan_ins_66  |     0.004 |
|     scan_ins_67  |     0.003 |
|     scan_ins_68  |     0.003 |
|     scan_ins_69  |     0.004 |
|     scan_ins_70  |     0.004 |
|     scan_ins_71  |     0.004 |
|     scan_ins_72  |     0.004 |
|     scan_ins_73  |     0.003 |
|     scan_ins_74  |     0.004 |
|     scan_ins_75  |     0.004 |
|     scan_ins_76  |     0.004 |
|     scan_ins_77  |     0.004 |
|     scan_ins_78  |     0.004 |
|     scan_ins_79  |     0.004 |
|     scan_ins_8   |     0.002 |
|     scan_ins_80  |     0.004 |
|     scan_ins_81  |     0.004 |
|     scan_ins_82  |     0.003 |
|     scan_ins_83  |     0.003 |
|     scan_ins_84  |     0.003 |
|     scan_ins_85  |     0.004 |
|     scan_ins_86  |     0.004 |
|     scan_ins_87  |     0.004 |
|     scan_ins_88  |     0.005 |
|     scan_ins_89  |     0.004 |
|     scan_ins_9   |     0.005 |
|     scan_ins_90  |     0.003 |
|     scan_ins_91  |     0.004 |
|     scan_ins_92  |     0.005 |
|     scan_ins_93  |     0.004 |
|     scan_ins_94  |     0.004 |
|     scan_ins_95  |     0.004 |
|     scan_ins_96  |     0.004 |
|     scan_ins_97  |     0.003 |
|     scan_ins_98  |     0.004 |
|     scan_ins_99  |     0.003 |
+------------------+-----------+


